# JRE version: OpenJDK Runtime Environment (8.0_242-b01) (build 1.8.0_242-release-1644-b01)
# Java VM: OpenJDK 64-Bit Server VM (25.242-b01 mixed mode windows-amd64 compressed oops)
Heap:
 PSYoungGen      total 637952K, used 237748K [0x00000000d5580000, 0x00000000fff80000, 0x0000000100000000)
  eden space 596480K, 36% used [0x00000000d5580000,0x00000000e293d528,0x00000000f9c00000)
  from space 41472K, 50% used [0x00000000f9c00000,0x00000000fb06fe00,0x00000000fc480000)
  to   space 39936K, 0% used [0x00000000fd880000,0x00000000fd880000,0x00000000fff80000)
 ParOldGen       total 204800K, used 105887K [0x0000000080000000, 0x000000008c800000, 0x00000000d5580000)
  object space 204800K, 51% used [0x0000000080000000,0x0000000086767f20,0x000000008c800000)
 Metaspace       used 84074K, capacity 88394K, committed 88872K, reserved 1126400K
  class space    used 11387K, capacity 12186K, committed 12336K, reserved 1048576K
GC Heap History (10 events):
Event: 33.061 GC heap before
{Heap before GC invocations=23 (full 4):
 PSYoungGen      total 457216K, used 435836K [0x00000000d5580000, 0x00000000f3a80000, 0x0000000100000000)
  eden space 417280K, 100% used [0x00000000d5580000,0x00000000eed00000,0x00000000eed00000)
  from space 39936K, 46% used [0x00000000f1380000,0x00000000f259f388,0x00000000f3a80000)
  to   space 39424K, 0% used [0x00000000eed00000,0x00000000eed00000,0x00000000f1380000)
 ParOldGen       total 204800K, used 89383K [0x0000000080000000, 0x000000008c800000, 0x00000000d5580000)
  object space 204800K, 43% used [0x0000000080000000,0x0000000085749e28,0x000000008c800000)
 Metaspace       used 83760K, capacity 88114K, committed 88616K, reserved 1126400K
  class space    used 11377K, capacity 12174K, committed 12336K, reserved 1048576K
Event: 33.130 GC heap after
Heap after GC invocations=23 (full 4):
 PSYoungGen      total 456704K, used 28496K [0x00000000d5580000, 0x00000000f9100000, 0x0000000100000000)
  eden space 417280K, 0% used [0x00000000d5580000,0x00000000d5580000,0x00000000eed00000)
  from space 39424K, 72% used [0x00000000eed00000,0x00000000f08d4180,0x00000000f1380000)
  to   space 41984K, 0% used [0x00000000f6800000,0x00000000f6800000,0x00000000f9100000)
 ParOldGen       total 204800K, used 89383K [0x0000000080000000, 0x000000008c800000, 0x00000000d5580000)
  object space 204800K, 43% used [0x0000000080000000,0x0000000085749e28,0x000000008c800000)
 Metaspace       used 83760K, capacity 88114K, committed 88616K, reserved 1126400K
  class space    used 11377K, capacity 12174K, committed 12336K, reserved 1048576K
}
Event: 34.940 GC heap before
{Heap before GC invocations=24 (full 4):
 PSYoungGen      total 456704K, used 445776K [0x00000000d5580000, 0x00000000f9100000, 0x0000000100000000)
  eden space 417280K, 100% used [0x00000000d5580000,0x00000000eed00000,0x00000000eed00000)
  from space 39424K, 72% used [0x00000000eed00000,0x00000000f08d4180,0x00000000f1380000)
  to   space 41984K, 0% used [0x00000000f6800000,0x00000000f6800000,0x00000000f9100000)
 ParOldGen       total 204800K, used 89383K [0x0000000080000000, 0x000000008c800000, 0x00000000d5580000)
  object space 204800K, 43% used [0x0000000080000000,0x0000000085749e28,0x000000008c800000)
 Metaspace       used 83883K, capacity 88196K, committed 88616K, reserved 1126400K
  class space    used 11378K, capacity 12175K, committed 12336K, reserved 1048576K
Event: 34.984 GC heap after
Heap after GC invocations=24 (full 4):
 PSYoungGen      total 535040K, used 15061K [0x00000000d5580000, 0x00000000f8a80000, 0x0000000100000000)
  eden space 499712K, 0% used [0x00000000d5580000,0x00000000d5580000,0x00000000f3d80000)
  from space 35328K, 42% used [0x00000000f6800000,0x00000000f76b57e8,0x00000000f8a80000)
  to   space 39424K, 0% used [0x00000000f3d80000,0x00000000f3d80000,0x00000000f6400000)
 ParOldGen       total 204800K, used 97370K [0x0000000080000000, 0x000000008c800000, 0x00000000d5580000)
  object space 204800K, 47% used [0x0000000080000000,0x0000000085f16a10,0x000000008c800000)
 Metaspace       used 83883K, capacity 88196K, committed 88616K, reserved 1126400K
  class space    used 11378K, capacity 12175K, committed 12336K, reserved 1048576K
}
Event: 37.008 GC heap before
{Heap before GC invocations=25 (full 4):
 PSYoungGen      total 535040K, used 514773K [0x00000000d5580000, 0x00000000f8a80000, 0x0000000100000000)
  eden space 499712K, 100% used [0x00000000d5580000,0x00000000f3d80000,0x00000000f3d80000)
  from space 35328K, 42% used [0x00000000f6800000,0x00000000f76b57e8,0x00000000f8a80000)
  to   space 39424K, 0% used [0x00000000f3d80000,0x00000000f3d80000,0x00000000f6400000)
 ParOldGen       total 204800K, used 97370K [0x0000000080000000, 0x000000008c800000, 0x00000000d5580000)
  object space 204800K, 47% used [0x0000000080000000,0x0000000085f16a10,0x000000008c800000)
 Metaspace       used 83959K, capacity 88316K, committed 88872K, reserved 1126400K
  class space    used 11385K, capacity 12185K, committed 12336K, reserved 1048576K
Event: 37.068 GC heap after
Heap after GC invocations=25 (full 4):
 PSYoungGen      total 539136K, used 20847K [0x00000000d5580000, 0x00000000fea80000, 0x0000000100000000)
  eden space 499712K, 0% used [0x00000000d5580000,0x00000000d5580000,0x00000000f3d80000)
  from space 39424K, 52% used [0x00000000f3d80000,0x00000000f51dbdf0,0x00000000f6400000)
  to   space 38912K, 0% used [0x00000000fc480000,0x00000000fc480000,0x00000000fea80000)
 ParOldGen       total 204800K, used 100419K [0x0000000080000000, 0x000000008c800000, 0x00000000d5580000)
  object space 204800K, 49% used [0x0000000080000000,0x0000000086210f88,0x000000008c800000)
 Metaspace       used 83959K, capacity 88316K, committed 88872K, reserved 1126400K
  class space    used 11385K, capacity 12185K, committed 12336K, reserved 1048576K
}
Event: 39.219 GC heap before
{Heap before GC invocations=26 (full 4):
 PSYoungGen      total 539136K, used 520559K [0x00000000d5580000, 0x00000000fea80000, 0x0000000100000000)
  eden space 499712K, 100% used [0x00000000d5580000,0x00000000f3d80000,0x00000000f3d80000)
  from space 39424K, 52% used [0x00000000f3d80000,0x00000000f51dbdf0,0x00000000f6400000)
  to   space 38912K, 0% used [0x00000000fc480000,0x00000000fc480000,0x00000000fea80000)
 ParOldGen       total 204800K, used 100422K [0x0000000080000000, 0x000000008c800000, 0x00000000d5580000)
  object space 204800K, 49% used [0x0000000080000000,0x00000000862118f8,0x000000008c800000)
 Metaspace       used 83992K, capacity 88324K, committed 88872K, reserved 1126400K
  class space    used 11385K, capacity 12185K, committed 12336K, reserved 1048576K
Event: 39.292 GC heap after
Heap after GC invocations=26 (full 4):
 PSYoungGen      total 635392K, used 30040K [0x00000000d5580000, 0x00000000ff200000, 0x0000000100000000)
  eden space 596480K, 0% used [0x00000000d5580000,0x00000000d5580000,0x00000000f9c00000)
  from space 38912K, 77% used [0x00000000fc480000,0x00000000fe1d62d8,0x00000000fea80000)
  to   space 41472K, 0% used [0x00000000f9c00000,0x00000000f9c00000,0x00000000fc480000)
 ParOldGen       total 204800K, used 102026K [0x0000000080000000, 0x000000008c800000, 0x00000000d5580000)
  object space 204800K, 49% used [0x0000000080000000,0x00000000863a2918,0x000000008c800000)
 Metaspace       used 83992K, capacity 88324K, committed 88872K, reserved 1126400K
  class space    used 11385K, capacity 12185K, committed 12336K, reserved 1048576K
}
Event: 42.931 GC heap before
{Heap before GC invocations=27 (full 4):
 PSYoungGen      total 635392K, used 626520K [0x00000000d5580000, 0x00000000ff200000, 0x0000000100000000)
  eden space 596480K, 100% used [0x00000000d5580000,0x00000000f9c00000,0x00000000f9c00000)
  from space 38912K, 77% used [0x00000000fc480000,0x00000000fe1d62d8,0x00000000fea80000)
  to   space 41472K, 0% used [0x00000000f9c00000,0x00000000f9c00000,0x00000000fc480000)
 ParOldGen       total 204800K, used 102043K [0x0000000080000000, 0x000000008c800000, 0x00000000d5580000)
  object space 204800K, 49% used [0x0000000080000000,0x00000000863a6f60,0x000000008c800000)
 Metaspace       used 84030K, capacity 88390K, committed 88872K, reserved 1126400K
  class space    used 11387K, capacity 12186K, committed 12336K, reserved 1048576K
Event: 42.999 GC heap after
Heap after GC invocations=27 (full 4):
 PSYoungGen      total 637952K, used 20927K [0x00000000d5580000, 0x00000000fff80000, 0x0000000100000000)
  eden space 596480K, 0% used [0x00000000d5580000,0x00000000d5580000,0x00000000f9c00000)
  from space 41472K, 50% used [0x00000000f9c00000,0x00000000fb06fe00,0x00000000fc480000)
  to   space 39936K, 0% used [0x00000000fd880000,0x00000000fd880000,0x00000000fff80000)
 ParOldGen       total 204800K, used 105887K [0x0000000080000000, 0x000000008c800000, 0x00000000d5580000)
  object space 204800K, 51% used [0x0000000080000000,0x0000000086767f20,0x000000008c800000)
 Metaspace       used 84030K, capacity 88390K, committed 88872K, reserved 1126400K
  class space    used 11387K, capacity 12186K, committed 12336K, reserved 1048576K
}

