# JRE version: OpenJDK Runtime Environment (8.0_242-b01) (build 1.8.0_242-release-1644-b01)
# Java VM: OpenJDK 64-Bit Server VM (25.242-b01 mixed mode windows-amd64 compressed oops)
Heap:
 PSYoungGen      total 538112K, used 485522K [0x00000000d5580000, 0x00000000f9600000, 0x0000000100000000)
  eden space 503296K, 90% used [0x00000000d5580000,0x00000000f121bc30,0x00000000f4100000)
  from space 34816K, 86% used [0x00000000f7400000,0x00000000f9188f78,0x00000000f9600000)
  to   space 43520K, 0% used [0x00000000f4100000,0x00000000f4100000,0x00000000f6b80000)
 ParOldGen       total 174592K, used 112198K [0x0000000080000000, 0x000000008aa80000, 0x00000000d5580000)
  object space 174592K, 64% used [0x0000000080000000,0x0000000086d91860,0x000000008aa80000)
 Metaspace       used 147723K, capacity 154956K, committed 155212K, reserved 1183744K
  class space    used 19233K, capacity 20736K, committed 20852K, reserved 1048576K
GC Heap History (10 events):
Event: 907.490 GC heap before
{Heap before GC invocations=24 (full 4):
 PSYoungGen      total 269824K, used 255381K [0x00000000d5580000, 0x00000000ec500000, 0x0000000100000000)
  eden space 241664K, 100% used [0x00000000d5580000,0x00000000e4180000,0x00000000e4180000)
  from space 28160K, 48% used [0x00000000e4180000,0x00000000e4ee5520,0x00000000e5d00000)
  to   space 26624K, 0% used [0x00000000eab00000,0x00000000eab00000,0x00000000ec500000)
 ParOldGen       total 174592K, used 63529K [0x0000000080000000, 0x000000008aa80000, 0x00000000d5580000)
  object space 174592K, 36% used [0x0000000080000000,0x0000000083e0a560,0x000000008aa80000)
 Metaspace       used 100956K, capacity 106304K, committed 106444K, reserved 1140736K
  class space    used 13095K, capacity 14269K, committed 14324K, reserved 1048576K
Event: 907.531 GC heap after
Heap after GC invocations=24 (full 4):
 PSYoungGen      total 345600K, used 25598K [0x00000000d5580000, 0x00000000ec700000, 0x0000000100000000)
  eden space 318976K, 0% used [0x00000000d5580000,0x00000000d5580000,0x00000000e8d00000)
  from space 26624K, 96% used [0x00000000eab00000,0x00000000ec3ffbe0,0x00000000ec500000)
  to   space 29696K, 0% used [0x00000000e8d00000,0x00000000e8d00000,0x00000000eaa00000)
 ParOldGen       total 174592K, used 63537K [0x0000000080000000, 0x000000008aa80000, 0x00000000d5580000)
  object space 174592K, 36% used [0x0000000080000000,0x0000000083e0c560,0x000000008aa80000)
 Metaspace       used 100956K, capacity 106304K, committed 106444K, reserved 1140736K
  class space    used 13095K, capacity 14269K, committed 14324K, reserved 1048576K
}
Event: 3967.766 GC heap before
{Heap before GC invocations=25 (full 4):
 PSYoungGen      total 345600K, used 344574K [0x00000000d5580000, 0x00000000ec700000, 0x0000000100000000)
  eden space 318976K, 100% used [0x00000000d5580000,0x00000000e8d00000,0x00000000e8d00000)
  from space 26624K, 96% used [0x00000000eab00000,0x00000000ec3ffbe0,0x00000000ec500000)
  to   space 29696K, 0% used [0x00000000e8d00000,0x00000000e8d00000,0x00000000eaa00000)
 ParOldGen       total 174592K, used 63537K [0x0000000080000000, 0x000000008aa80000, 0x00000000d5580000)
  object space 174592K, 36% used [0x0000000080000000,0x0000000083e0c560,0x000000008aa80000)
 Metaspace       used 118057K, capacity 124234K, committed 124364K, reserved 1157120K
  class space    used 15523K, capacity 16829K, committed 16884K, reserved 1048576K
Event: 3967.855 GC heap after
Heap after GC invocations=25 (full 4):
 PSYoungGen      total 348672K, used 29695K [0x00000000d5580000, 0x00000000f3e80000, 0x0000000100000000)
  eden space 318976K, 0% used [0x00000000d5580000,0x00000000d5580000,0x00000000e8d00000)
  from space 29696K, 99% used [0x00000000e8d00000,0x00000000ea9fff80,0x00000000eaa00000)
  to   space 43008K, 0% used [0x00000000f1480000,0x00000000f1480000,0x00000000f3e80000)
 ParOldGen       total 174592K, used 87660K [0x0000000080000000, 0x000000008aa80000, 0x00000000d5580000)
  object space 174592K, 50% used [0x0000000080000000,0x000000008559b0a8,0x000000008aa80000)
 Metaspace       used 118057K, capacity 124234K, committed 124364K, reserved 1157120K
  class space    used 15523K, capacity 16829K, committed 16884K, reserved 1048576K
}
Event: 3973.248 GC heap before
{Heap before GC invocations=26 (full 4):
 PSYoungGen      total 348672K, used 348671K [0x00000000d5580000, 0x00000000f3e80000, 0x0000000100000000)
  eden space 318976K, 100% used [0x00000000d5580000,0x00000000e8d00000,0x00000000e8d00000)
  from space 29696K, 99% used [0x00000000e8d00000,0x00000000ea9fff80,0x00000000eaa00000)
  to   space 43008K, 0% used [0x00000000f1480000,0x00000000f1480000,0x00000000f3e80000)
 ParOldGen       total 174592K, used 87660K [0x0000000080000000, 0x000000008aa80000, 0x00000000d5580000)
  object space 174592K, 50% used [0x0000000080000000,0x000000008559b0a8,0x000000008aa80000)
 Metaspace       used 120012K, capacity 126234K, committed 126412K, reserved 1159168K
  class space    used 15706K, capacity 17013K, committed 17140K, reserved 1048576K
Event: 3973.285 GC heap after
Heap after GC invocations=26 (full 4):
 PSYoungGen      total 439296K, used 17131K [0x00000000d5580000, 0x00000000f3300000, 0x0000000100000000)
  eden space 408064K, 0% used [0x00000000d5580000,0x00000000d5580000,0x00000000ee400000)
  from space 31232K, 54% used [0x00000000f1480000,0x00000000f253ac90,0x00000000f3300000)
  to   space 40448K, 0% used [0x00000000ee400000,0x00000000ee400000,0x00000000f0b80000)
 ParOldGen       total 174592K, used 104411K [0x0000000080000000, 0x000000008aa80000, 0x00000000d5580000)
  object space 174592K, 59% used [0x0000000080000000,0x00000000865f6f08,0x000000008aa80000)
 Metaspace       used 120012K, capacity 126234K, committed 126412K, reserved 1159168K
  class space    used 15706K, capacity 17013K, committed 17140K, reserved 1048576K
}
Event: 3974.276 GC heap before
{Heap before GC invocations=27 (full 4):
 PSYoungGen      total 439296K, used 425195K [0x00000000d5580000, 0x00000000f3300000, 0x0000000100000000)
  eden space 408064K, 100% used [0x00000000d5580000,0x00000000ee400000,0x00000000ee400000)
  from space 31232K, 54% used [0x00000000f1480000,0x00000000f253ac90,0x00000000f3300000)
  to   space 40448K, 0% used [0x00000000ee400000,0x00000000ee400000,0x00000000f0b80000)
 ParOldGen       total 174592K, used 104411K [0x0000000080000000, 0x000000008aa80000, 0x00000000d5580000)
  object space 174592K, 59% used [0x0000000080000000,0x00000000865f6f08,0x000000008aa80000)
 Metaspace       used 120286K, capacity 126560K, committed 126668K, reserved 1159168K
  class space    used 15727K, capacity 17050K, committed 17140K, reserved 1048576K
Event: 3974.290 GC heap after
Heap after GC invocations=27 (full 4):
 PSYoungGen      total 448512K, used 2880K [0x00000000d5580000, 0x00000000f9c00000, 0x0000000100000000)
  eden space 408064K, 0% used [0x00000000d5580000,0x00000000d5580000,0x00000000ee400000)
  from space 40448K, 7% used [0x00000000ee400000,0x00000000ee6d0000,0x00000000f0b80000)
  to   space 40960K, 0% used [0x00000000f7400000,0x00000000f7400000,0x00000000f9c00000)
 ParOldGen       total 174592K, used 110478K [0x0000000080000000, 0x000000008aa80000, 0x00000000d5580000)
  object space 174592K, 63% used [0x0000000080000000,0x0000000086be3920,0x000000008aa80000)
 Metaspace       used 120286K, capacity 126560K, committed 126668K, reserved 1159168K
  class space    used 15727K, capacity 17050K, committed 17140K, reserved 1048576K
}
Event: 5695.579 GC heap before
{Heap before GC invocations=28 (full 4):
 PSYoungGen      total 448512K, used 410944K [0x00000000d5580000, 0x00000000f9c00000, 0x0000000100000000)
  eden space 408064K, 100% used [0x00000000d5580000,0x00000000ee400000,0x00000000ee400000)
  from space 40448K, 7% used [0x00000000ee400000,0x00000000ee6d0000,0x00000000f0b80000)
  to   space 40960K, 0% used [0x00000000f7400000,0x00000000f7400000,0x00000000f9c00000)
 ParOldGen       total 174592K, used 110478K [0x0000000080000000, 0x000000008aa80000, 0x00000000d5580000)
  object space 174592K, 63% used [0x0000000080000000,0x0000000086be3920,0x000000008aa80000)
 Metaspace       used 125985K, capacity 132678K, committed 132940K, reserved 1165312K
  class space    used 16333K, capacity 17753K, committed 17780K, reserved 1048576K
Event: 5695.659 GC heap after
Heap after GC invocations=28 (full 4):
 PSYoungGen      total 538112K, used 30243K [0x00000000d5580000, 0x00000000f9600000, 0x0000000100000000)
  eden space 503296K, 0% used [0x00000000d5580000,0x00000000d5580000,0x00000000f4100000)
  from space 34816K, 86% used [0x00000000f7400000,0x00000000f9188f78,0x00000000f9600000)
  to   space 43520K, 0% used [0x00000000f4100000,0x00000000f4100000,0x00000000f6b80000)
 ParOldGen       total 174592K, used 112198K [0x0000000080000000, 0x000000008aa80000, 0x00000000d5580000)
  object space 174592K, 64% used [0x0000000080000000,0x0000000086d91860,0x000000008aa80000)
 Metaspace       used 125985K, capacity 132678K, committed 132940K, reserved 1165312K
  class space    used 16333K, capacity 17753K, committed 17780K, reserved 1048576K
}

