# JRE version: OpenJDK Runtime Environment (8.0_242-b01) (build 1.8.0_242-release-1644-b01)
# Java VM: OpenJDK 64-Bit Server VM (25.242-b01 mixed mode windows-amd64 compressed oops)
Heap:
 PSYoungGen      total 643584K, used 324459K [0x00000000d5580000, 0x0000000100000000, 0x0000000100000000)
  eden space 603648K, 47% used [0x00000000d5580000,0x00000000e6b5d7a0,0x00000000fa300000)
  from space 39936K, 99% used [0x00000000fd680000,0x00000000ffd7d808,0x00000000ffd80000)
  to   space 47616K, 0% used [0x00000000fa300000,0x00000000fa300000,0x00000000fd180000)
 ParOldGen       total 193024K, used 66858K [0x0000000080000000, 0x000000008bc80000, 0x00000000d5580000)
  object space 193024K, 34% used [0x0000000080000000,0x000000008414aac0,0x000000008bc80000)
 Metaspace       used 119952K, capacity 126294K, committed 126488K, reserved 1159168K
  class space    used 15173K, capacity 16387K, committed 16416K, reserved 1048576K
GC Heap History (10 events):
Event: 50.378 GC heap before
{Heap before GC invocations=22 (full 3):
 PSYoungGen      total 654848K, used 614532K [0x00000000d5580000, 0x0000000100000000, 0x0000000100000000)
  eden space 610304K, 100% used [0x00000000d5580000,0x00000000fa980000,0x00000000fa980000)
  from space 44544K, 9% used [0x00000000fd480000,0x00000000fd8a10a8,0x0000000100000000)
  to   space 44032K, 0% used [0x00000000fa980000,0x00000000fa980000,0x00000000fd480000)
 ParOldGen       total 132608K, used 88421K [0x0000000080000000, 0x0000000088180000, 0x00000000d5580000)
  object space 132608K, 66% used [0x0000000080000000,0x0000000085659540,0x0000000088180000)
 Metaspace       used 84153K, capacity 87666K, committed 87704K, reserved 1126400K
  class space    used 11008K, capacity 11676K, committed 11680K, reserved 1048576K
Event: 50.399 GC heap after
Heap after GC invocations=22 (full 3):
 PSYoungGen      total 619520K, used 8863K [0x00000000d5580000, 0x00000000ffc80000, 0x0000000100000000)
  eden space 610304K, 0% used [0x00000000d5580000,0x00000000d5580000,0x00000000fa980000)
  from space 9216K, 96% used [0x00000000fa980000,0x00000000fb227d30,0x00000000fb280000)
  to   space 42496K, 0% used [0x00000000fd300000,0x00000000fd300000,0x00000000ffc80000)
 ParOldGen       total 132608K, used 91713K [0x0000000080000000, 0x0000000088180000, 0x00000000d5580000)
  object space 132608K, 69% used [0x0000000080000000,0x0000000085990760,0x0000000088180000)
 Metaspace       used 84153K, capacity 87666K, committed 87704K, reserved 1126400K
  class space    used 11008K, capacity 11676K, committed 11680K, reserved 1048576K
}
Event: 193.286 GC heap before
{Heap before GC invocations=23 (full 3):
 PSYoungGen      total 619520K, used 309149K [0x00000000d5580000, 0x00000000ffc80000, 0x0000000100000000)
  eden space 610304K, 49% used [0x00000000d5580000,0x00000000e7abf880,0x00000000fa980000)
  from space 9216K, 96% used [0x00000000fa980000,0x00000000fb227d30,0x00000000fb280000)
  to   space 42496K, 0% used [0x00000000fd300000,0x00000000fd300000,0x00000000ffc80000)
 ParOldGen       total 132608K, used 91713K [0x0000000080000000, 0x0000000088180000, 0x00000000d5580000)
  object space 132608K, 69% used [0x0000000080000000,0x0000000085990760,0x0000000088180000)
 Metaspace       used 94567K, capacity 98570K, committed 98600K, reserved 1134592K
  class space    used 12150K, capacity 12947K, committed 12960K, reserved 1048576K
Event: 193.339 GC heap after
Heap after GC invocations=23 (full 3):
 PSYoungGen      total 655360K, used 14888K [0x00000000d5580000, 0x0000000100000000, 0x0000000100000000)
  eden space 612864K, 0% used [0x00000000d5580000,0x00000000d5580000,0x00000000fac00000)
  from space 42496K, 35% used [0x00000000fd300000,0x00000000fe18a028,0x00000000ffc80000)
  to   space 39936K, 0% used [0x00000000fac00000,0x00000000fac00000,0x00000000fd300000)
 ParOldGen       total 132608K, used 97062K [0x0000000080000000, 0x0000000088180000, 0x00000000d5580000)
  object space 132608K, 73% used [0x0000000080000000,0x0000000085ec9958,0x0000000088180000)
 Metaspace       used 94567K, capacity 98570K, committed 98600K, reserved 1134592K
  class space    used 12150K, capacity 12947K, committed 12960K, reserved 1048576K
}
Event: 193.339 GC heap before
{Heap before GC invocations=24 (full 4):
 PSYoungGen      total 655360K, used 14888K [0x00000000d5580000, 0x0000000100000000, 0x0000000100000000)
  eden space 612864K, 0% used [0x00000000d5580000,0x00000000d5580000,0x00000000fac00000)
  from space 42496K, 35% used [0x00000000fd300000,0x00000000fe18a028,0x00000000ffc80000)
  to   space 39936K, 0% used [0x00000000fac00000,0x00000000fac00000,0x00000000fd300000)
 ParOldGen       total 132608K, used 97062K [0x0000000080000000, 0x0000000088180000, 0x00000000d5580000)
  object space 132608K, 73% used [0x0000000080000000,0x0000000085ec9958,0x0000000088180000)
 Metaspace       used 94567K, capacity 98570K, committed 98600K, reserved 1134592K
  class space    used 12150K, capacity 12947K, committed 12960K, reserved 1048576K
Event: 193.677 GC heap after
Heap after GC invocations=24 (full 4):
 PSYoungGen      total 655360K, used 0K [0x00000000d5580000, 0x0000000100000000, 0x0000000100000000)
  eden space 612864K, 0% used [0x00000000d5580000,0x00000000d5580000,0x00000000fac00000)
  from space 42496K, 0% used [0x00000000fd300000,0x00000000fd300000,0x00000000ffc80000)
  to   space 39936K, 0% used [0x00000000fac00000,0x00000000fac00000,0x00000000fd300000)
 ParOldGen       total 193024K, used 63704K [0x0000000080000000, 0x000000008bc80000, 0x00000000d5580000)
  object space 193024K, 33% used [0x0000000080000000,0x0000000083e36118,0x000000008bc80000)
 Metaspace       used 94270K, capacity 98192K, committed 98600K, reserved 1134592K
  class space    used 12118K, capacity 12860K, committed 12960K, reserved 1048576K
}
Event: 560.659 GC heap before
{Heap before GC invocations=25 (full 4):
 PSYoungGen      total 655360K, used 612864K [0x00000000d5580000, 0x0000000100000000, 0x0000000100000000)
  eden space 612864K, 100% used [0x00000000d5580000,0x00000000fac00000,0x00000000fac00000)
  from space 42496K, 0% used [0x00000000fd300000,0x00000000fd300000,0x00000000ffc80000)
  to   space 39936K, 0% used [0x00000000fac00000,0x00000000fac00000,0x00000000fd300000)
 ParOldGen       total 193024K, used 63704K [0x0000000080000000, 0x000000008bc80000, 0x00000000d5580000)
  object space 193024K, 33% used [0x0000000080000000,0x0000000083e36118,0x000000008bc80000)
 Metaspace       used 101773K, capacity 106598K, committed 106776K, reserved 1142784K
  class space    used 12847K, capacity 13787K, committed 13856K, reserved 1048576K
Event: 560.758 GC heap after
Heap after GC invocations=25 (full 4):
 PSYoungGen      total 652800K, used 21722K [0x00000000d5580000, 0x00000000ffd80000, 0x0000000100000000)
  eden space 612864K, 0% used [0x00000000d5580000,0x00000000d5580000,0x00000000fac00000)
  from space 39936K, 54% used [0x00000000fac00000,0x00000000fc136bd8,0x00000000fd300000)
  to   space 39936K, 0% used [0x00000000fd680000,0x00000000fd680000,0x00000000ffd80000)
 ParOldGen       total 193024K, used 63712K [0x0000000080000000, 0x000000008bc80000, 0x00000000d5580000)
  object space 193024K, 33% used [0x0000000080000000,0x0000000083e38118,0x000000008bc80000)
 Metaspace       used 101773K, capacity 106598K, committed 106776K, reserved 1142784K
  class space    used 12847K, capacity 13787K, committed 13856K, reserved 1048576K
}
Event: 571.662 GC heap before
{Heap before GC invocations=26 (full 4):
 PSYoungGen      total 652800K, used 634586K [0x00000000d5580000, 0x00000000ffd80000, 0x0000000100000000)
  eden space 612864K, 100% used [0x00000000d5580000,0x00000000fac00000,0x00000000fac00000)
  from space 39936K, 54% used [0x00000000fac00000,0x00000000fc136bd8,0x00000000fd300000)
  to   space 39936K, 0% used [0x00000000fd680000,0x00000000fd680000,0x00000000ffd80000)
 ParOldGen       total 193024K, used 63712K [0x0000000080000000, 0x000000008bc80000, 0x00000000d5580000)
  object space 193024K, 33% used [0x0000000080000000,0x0000000083e38118,0x000000008bc80000)
 Metaspace       used 118788K, capacity 125078K, committed 125336K, reserved 1159168K
  class space    used 15061K, capacity 16271K, committed 16288K, reserved 1048576K
Event: 571.811 GC heap after
Heap after GC invocations=26 (full 4):
 PSYoungGen      total 643584K, used 39926K [0x00000000d5580000, 0x0000000100000000, 0x0000000100000000)
  eden space 603648K, 0% used [0x00000000d5580000,0x00000000d5580000,0x00000000fa300000)
  from space 39936K, 99% used [0x00000000fd680000,0x00000000ffd7d808,0x00000000ffd80000)
  to   space 47616K, 0% used [0x00000000fa300000,0x00000000fa300000,0x00000000fd180000)
 ParOldGen       total 193024K, used 66858K [0x0000000080000000, 0x000000008bc80000, 0x00000000d5580000)
  object space 193024K, 34% used [0x0000000080000000,0x000000008414aac0,0x000000008bc80000)
 Metaspace       used 118788K, capacity 125078K, committed 125336K, reserved 1159168K
  class space    used 15061K, capacity 16271K, committed 16288K, reserved 1048576K
}

